<?xml version="1.0" encoding="UTF-8"?>
<testsuite xmlns:xsi="http://www.w3.org/2001/XMLSchema-instance" xsi:noNamespaceSchemaLocation="https://maven.apache.org/surefire/maven-surefire-plugin/xsd/surefire-test-report-3.0.xsd" version="3.0" name="registrationTest.ValidationMessagesTest" time="130.928" tests="7" errors="0" skipped="0" failures="0">
  <properties>
    <property name="java.specification.version" value="17"/>
    <property name="webdriver.chrome.driver" value="/Users/tkhitkhuinha/.cache/selenium/chromedriver/mac64/128.0.6613.137/chromedriver"/>
    <property name="sun.jnu.encoding" value="UTF-8"/>
    <property name="java.class.path" value="/Users/tkhitkhuinha/Desktop/WorkSpace/G10_TAF/G10_Project/daiProj/target/test-classes:/Users/tkhitkhuinha/Desktop/WorkSpace/G10_TAF/G10_Project/daiProj/target/classes:/Users/tkhitkhuinha/.m2/repository/junit/junit/4.12/junit-4.12.jar:/Users/tkhitkhuinha/.m2/repository/org/hamcrest/hamcrest-core/1.3/hamcrest-core-1.3.jar:/Users/tkhitkhuinha/.m2/repository/org/seleniumhq/selenium/selenium-java/4.8.3/selenium-java-4.8.3.jar:/Users/tkhitkhuinha/.m2/repository/org/seleniumhq/selenium/selenium-api/4.8.3/selenium-api-4.8.3.jar:/Users/tkhitkhuinha/.m2/repository/org/seleniumhq/selenium/selenium-chrome-driver/4.8.3/selenium-chrome-driver-4.8.3.jar:/Users/tkhitkhuinha/.m2/repository/com/google/auto/service/auto-service-annotations/1.0.1/auto-service-annotations-1.0.1.jar:/Users/tkhitkhuinha/.m2/repository/com/google/auto/service/auto-service/1.0.1/auto-service-1.0.1.jar:/Users/tkhitkhuinha/.m2/repository/com/google/auto/auto-common/1.2/auto-common-1.2.jar:/Users/tkhitkhuinha/.m2/repository/com/google/guava/guava/31.1-jre/guava-31.1-jre.jar:/Users/tkhitkhuinha/.m2/repository/com/google/guava/failureaccess/1.0.1/failureaccess-1.0.1.jar:/Users/tkhitkhuinha/.m2/repository/com/google/guava/listenablefuture/9999.0-empty-to-avoid-conflict-with-guava/listenablefuture-9999.0-empty-to-avoid-conflict-with-guava.jar:/Users/tkhitkhuinha/.m2/repository/com/google/code/findbugs/jsr305/3.0.2/jsr305-3.0.2.jar:/Users/tkhitkhuinha/.m2/repository/org/checkerframework/checker-qual/3.12.0/checker-qual-3.12.0.jar:/Users/tkhitkhuinha/.m2/repository/com/google/errorprone/error_prone_annotations/2.11.0/error_prone_annotations-2.11.0.jar:/Users/tkhitkhuinha/.m2/repository/com/google/j2objc/j2objc-annotations/1.3/j2objc-annotations-1.3.jar:/Users/tkhitkhuinha/.m2/repository/org/seleniumhq/selenium/selenium-chromium-driver/4.8.3/selenium-chromium-driver-4.8.3.jar:/Users/tkhitkhuinha/.m2/repository/org/seleniumhq/selenium/selenium-json/4.8.3/selenium-json-4.8.3.jar:/Users/tkhitkhuinha/.m2/repository/org/seleniumhq/selenium/selenium-manager/4.8.3/selenium-manager-4.8.3.jar:/Users/tkhitkhuinha/.m2/repository/org/seleniumhq/selenium/selenium-devtools-v109/4.8.3/selenium-devtools-v109-4.8.3.jar:/Users/tkhitkhuinha/.m2/repository/org/seleniumhq/selenium/selenium-devtools-v110/4.8.3/selenium-devtools-v110-4.8.3.jar:/Users/tkhitkhuinha/.m2/repository/org/seleniumhq/selenium/selenium-devtools-v111/4.8.3/selenium-devtools-v111-4.8.3.jar:/Users/tkhitkhuinha/.m2/repository/org/seleniumhq/selenium/selenium-devtools-v85/4.8.3/selenium-devtools-v85-4.8.3.jar:/Users/tkhitkhuinha/.m2/repository/org/seleniumhq/selenium/selenium-edge-driver/4.8.3/selenium-edge-driver-4.8.3.jar:/Users/tkhitkhuinha/.m2/repository/org/seleniumhq/selenium/selenium-firefox-driver/4.8.3/selenium-firefox-driver-4.8.3.jar:/Users/tkhitkhuinha/.m2/repository/org/seleniumhq/selenium/selenium-http/4.8.3/selenium-http-4.8.3.jar:/Users/tkhitkhuinha/.m2/repository/dev/failsafe/failsafe/3.3.1/failsafe-3.3.1.jar:/Users/tkhitkhuinha/.m2/repository/org/seleniumhq/selenium/selenium-ie-driver/4.8.3/selenium-ie-driver-4.8.3.jar:/Users/tkhitkhuinha/.m2/repository/org/seleniumhq/selenium/selenium-remote-driver/4.8.3/selenium-remote-driver-4.8.3.jar:/Users/tkhitkhuinha/.m2/repository/com/beust/jcommander/1.82/jcommander-1.82.jar:/Users/tkhitkhuinha/.m2/repository/io/netty/netty-buffer/4.1.90.Final/netty-buffer-4.1.90.Final.jar:/Users/tkhitkhuinha/.m2/repository/io/netty/netty-codec-http/4.1.90.Final/netty-codec-http-4.1.90.Final.jar:/Users/tkhitkhuinha/.m2/repository/io/netty/netty-codec/4.1.90.Final/netty-codec-4.1.90.Final.jar:/Users/tkhitkhuinha/.m2/repository/io/netty/netty-handler/4.1.90.Final/netty-handler-4.1.90.Final.jar:/Users/tkhitkhuinha/.m2/repository/io/netty/netty-common/4.1.90.Final/netty-common-4.1.90.Final.jar:/Users/tkhitkhuinha/.m2/repository/io/netty/netty-transport-classes-epoll/4.1.90.Final/netty-transport-classes-epoll-4.1.90.Final.jar:/Users/tkhitkhuinha/.m2/repository/io/netty/netty-transport-classes-kqueue/4.1.90.Final/netty-transport-classes-kqueue-4.1.90.Final.jar:/Users/tkhitkhuinha/.m2/repository/io/netty/netty-transport-native-epoll/4.1.90.Final/netty-transport-native-epoll-4.1.90.Final.jar:/Users/tkhitkhuinha/.m2/repository/io/netty/netty-transport-native-kqueue/4.1.90.Final/netty-transport-native-kqueue-4.1.90.Final.jar:/Users/tkhitkhuinha/.m2/repository/io/netty/netty-transport-native-unix-common/4.1.90.Final/netty-transport-native-unix-common-4.1.90.Final.jar:/Users/tkhitkhuinha/.m2/repository/io/netty/netty-transport/4.1.90.Final/netty-transport-4.1.90.Final.jar:/Users/tkhitkhuinha/.m2/repository/io/netty/netty-resolver/4.1.90.Final/netty-resolver-4.1.90.Final.jar:/Users/tkhitkhuinha/.m2/repository/io/opentelemetry/opentelemetry-api/1.24.0/opentelemetry-api-1.24.0.jar:/Users/tkhitkhuinha/.m2/repository/io/opentelemetry/opentelemetry-context/1.24.0/opentelemetry-context-1.24.0.jar:/Users/tkhitkhuinha/.m2/repository/io/opentelemetry/opentelemetry-exporter-logging/1.24.0/opentelemetry-exporter-logging-1.24.0.jar:/Users/tkhitkhuinha/.m2/repository/io/opentelemetry/opentelemetry-sdk-metrics/1.24.0/opentelemetry-sdk-metrics-1.24.0.jar:/Users/tkhitkhuinha/.m2/repository/io/opentelemetry/opentelemetry-sdk-logs/1.24.0-alpha/opentelemetry-sdk-logs-1.24.0-alpha.jar:/Users/tkhitkhuinha/.m2/repository/io/opentelemetry/opentelemetry-api-logs/1.24.0-alpha/opentelemetry-api-logs-1.24.0-alpha.jar:/Users/tkhitkhuinha/.m2/repository/io/opentelemetry/opentelemetry-api-events/1.24.0-alpha/opentelemetry-api-events-1.24.0-alpha.jar:/Users/tkhitkhuinha/.m2/repository/io/opentelemetry/opentelemetry-sdk-common/1.24.0/opentelemetry-sdk-common-1.24.0.jar:/Users/tkhitkhuinha/.m2/repository/io/opentelemetry/opentelemetry-sdk-extension-autoconfigure-spi/1.24.0/opentelemetry-sdk-extension-autoconfigure-spi-1.24.0.jar:/Users/tkhitkhuinha/.m2/repository/io/opentelemetry/opentelemetry-sdk-extension-autoconfigure/1.24.0-alpha/opentelemetry-sdk-extension-autoconfigure-1.24.0-alpha.jar:/Users/tkhitkhuinha/.m2/repository/io/opentelemetry/opentelemetry-sdk-trace/1.24.0/opentelemetry-sdk-trace-1.24.0.jar:/Users/tkhitkhuinha/.m2/repository/io/opentelemetry/opentelemetry-sdk/1.24.0/opentelemetry-sdk-1.24.0.jar:/Users/tkhitkhuinha/.m2/repository/io/opentelemetry/opentelemetry-semconv/1.24.0-alpha/opentelemetry-semconv-1.24.0-alpha.jar:/Users/tkhitkhuinha/.m2/repository/io/ous/jtoml/2.0.0/jtoml-2.0.0.jar:/Users/tkhitkhuinha/.m2/repository/org/apache/commons/commons-exec/1.3/commons-exec-1.3.jar:/Users/tkhitkhuinha/.m2/repository/org/asynchttpclient/async-http-client/2.12.3/async-http-client-2.12.3.jar:/Users/tkhitkhuinha/.m2/repository/org/asynchttpclient/async-http-client-netty-utils/2.12.3/async-http-client-netty-utils-2.12.3.jar:/Users/tkhitkhuinha/.m2/repository/io/netty/netty-codec-socks/4.1.60.Final/netty-codec-socks-4.1.60.Final.jar:/Users/tkhitkhuinha/.m2/repository/io/netty/netty-handler-proxy/4.1.60.Final/netty-handler-proxy-4.1.60.Final.jar:/Users/tkhitkhuinha/.m2/repository/io/netty/netty-transport-native-epoll/4.1.60.Final/netty-transport-native-epoll-4.1.60.Final-linux-x86_64.jar:/Users/tkhitkhuinha/.m2/repository/io/netty/netty-transport-native-kqueue/4.1.60.Final/netty-transport-native-kqueue-4.1.60.Final-osx-x86_64.jar:/Users/tkhitkhuinha/.m2/repository/org/reactivestreams/reactive-streams/1.0.3/reactive-streams-1.0.3.jar:/Users/tkhitkhuinha/.m2/repository/com/typesafe/netty/netty-reactive-streams/2.0.4/netty-reactive-streams-2.0.4.jar:/Users/tkhitkhuinha/.m2/repository/com/sun/activation/jakarta.activation/1.2.2/jakarta.activation-1.2.2.jar:/Users/tkhitkhuinha/.m2/repository/org/seleniumhq/selenium/selenium-safari-driver/4.8.3/selenium-safari-driver-4.8.3.jar:/Users/tkhitkhuinha/.m2/repository/org/seleniumhq/selenium/selenium-support/4.8.3/selenium-support-4.8.3.jar:/Users/tkhitkhuinha/.m2/repository/io/github/bonigarcia/webdrivermanager/5.7.0/webdrivermanager-5.7.0.jar:/Users/tkhitkhuinha/.m2/repository/org/slf4j/slf4j-api/2.0.12/slf4j-api-2.0.12.jar:/Users/tkhitkhuinha/.m2/repository/com/google/code/gson/gson/2.10.1/gson-2.10.1.jar:/Users/tkhitkhuinha/.m2/repository/com/github/docker-java/docker-java/3.3.5/docker-java-3.3.5.jar:/Users/tkhitkhuinha/.m2/repository/com/github/docker-java/docker-java-core/3.3.5/docker-java-core-3.3.5.jar:/Users/tkhitkhuinha/.m2/repository/com/github/docker-java/docker-java-api/3.3.5/docker-java-api-3.3.5.jar:/Users/tkhitkhuinha/.m2/repository/com/fasterxml/jackson/core/jackson-annotations/2.10.3/jackson-annotations-2.10.3.jar:/Users/tkhitkhuinha/.m2/repository/com/fasterxml/jackson/core/jackson-databind/2.10.3/jackson-databind-2.10.3.jar:/Users/tkhitkhuinha/.m2/repository/com/fasterxml/jackson/core/jackson-core/2.10.3/jackson-core-2.10.3.jar:/Users/tkhitkhuinha/.m2/repository/org/bouncycastle/bcpkix-jdk18on/1.76/bcpkix-jdk18on-1.76.jar:/Users/tkhitkhuinha/.m2/repository/org/bouncycastle/bcprov-jdk18on/1.76/bcprov-jdk18on-1.76.jar:/Users/tkhitkhuinha/.m2/repository/org/bouncycastle/bcutil-jdk18on/1.76/bcutil-jdk18on-1.76.jar:/Users/tkhitkhuinha/.m2/repository/org/slf4j/jcl-over-slf4j/1.7.30/jcl-over-slf4j-1.7.30.jar:/Users/tkhitkhuinha/.m2/repository/com/github/docker-java/docker-java-transport-httpclient5/3.3.5/docker-java-transport-httpclient5-3.3.5.jar:/Users/tkhitkhuinha/.m2/repository/com/github/docker-java/docker-java-transport/3.3.5/docker-java-transport-3.3.5.jar:/Users/tkhitkhuinha/.m2/repository/net/java/dev/jna/jna/5.13.0/jna-5.13.0.jar:/Users/tkhitkhuinha/.m2/repository/org/brotli/dec/0.1.2/dec-0.1.2.jar:/Users/tkhitkhuinha/.m2/repository/org/apache/commons/commons-lang3/3.14.0/commons-lang3-3.14.0.jar:/Users/tkhitkhuinha/.m2/repository/org/apache/commons/commons-compress/1.26.0/commons-compress-1.26.0.jar:/Users/tkhitkhuinha/.m2/repository/commons-io/commons-io/2.15.1/commons-io-2.15.1.jar:/Users/tkhitkhuinha/.m2/repository/org/apache/httpcomponents/client5/httpclient5/5.2.1/httpclient5-5.2.1.jar:/Users/tkhitkhuinha/.m2/repository/org/apache/httpcomponents/core5/httpcore5/5.2/httpcore5-5.2.jar:/Users/tkhitkhuinha/.m2/repository/org/apache/httpcomponents/core5/httpcore5-h2/5.2/httpcore5-h2-5.2.jar:/Users/tkhitkhuinha/.m2/repository/log4j/log4j/1.2.17/log4j-1.2.17.jar:/Users/tkhitkhuinha/.m2/repository/org/assertj/assertj-core/3.24.2/assertj-core-3.24.2.jar:/Users/tkhitkhuinha/.m2/repository/net/bytebuddy/byte-buddy/1.12.21/byte-buddy-1.12.21.jar:/Users/tkhitkhuinha/.m2/repository/pl/pragmatists/JUnitParams/1.0.5/JUnitParams-1.0.5.jar:/Users/tkhitkhuinha/.m2/repository/org/aeonbits/owner/owner/1.0.12/owner-1.0.12.jar:/Users/tkhitkhuinha/.m2/repository/org/apache/poi/poi/3.14/poi-3.14.jar:/Users/tkhitkhuinha/.m2/repository/commons-codec/commons-codec/1.10/commons-codec-1.10.jar:/Users/tkhitkhuinha/.m2/repository/mysql/mysql-connector-java/8.0.30/mysql-connector-java-8.0.30.jar:/Users/tkhitkhuinha/.m2/repository/com/google/protobuf/protobuf-java/3.19.4/protobuf-java-3.19.4.jar:/Users/tkhitkhuinha/.m2/repository/io/qameta/allure/allure-junit4/2.25.0/allure-junit4-2.25.0.jar:/Users/tkhitkhuinha/.m2/repository/io/qameta/allure/allure-java-commons/2.25.0/allure-java-commons-2.25.0.jar:/Users/tkhitkhuinha/.m2/repository/io/qameta/allure/allure-model/2.25.0/allure-model-2.25.0.jar:/Users/tkhitkhuinha/.m2/repository/io/qameta/allure/allure-test-filter/2.25.0/allure-test-filter-2.25.0.jar:/Users/tkhitkhuinha/.m2/repository/com/github/javafaker/javafaker/1.0.2/javafaker-1.0.2.jar:/Users/tkhitkhuinha/.m2/repository/org/yaml/snakeyaml/1.23/snakeyaml-1.23-android.jar:/Users/tkhitkhuinha/.m2/repository/com/github/mifmif/generex/1.0.2/generex-1.0.2.jar:/Users/tkhitkhuinha/.m2/repository/dk/brics/automaton/automaton/1.11-8/automaton-1.11-8.jar:"/>
    <property name="java.vm.vendor" value="Azul Systems, Inc."/>
    <property name="sun.arch.data.model" value="64"/>
    <property name="java.vendor.url" value="http://www.azul.com/"/>
    <property name="user.timezone" value="Europe/Kiev"/>
    <property name="os.name" value="Mac OS X"/>
    <property name="java.vm.specification.version" value="17"/>
    <property name="sun.java.launcher" value="SUN_STANDARD"/>
    <property name="user.country" value="UA"/>
    <property name="allure.link.issue.pattern" value="https://example.org/issue/{}"/>
    <property name="sun.boot.library.path" value="/Users/tkhitkhuinha/Library/Java/JavaVirtualMachines/azul-17.0.11/Contents/Home/lib"/>
    <property name="sun.java.command" value="/Users/tkhitkhuinha/Desktop/WorkSpace/G10_TAF/G10_Project/daiProj/target/surefire/surefirebooter-20240919214814278_3.jar /Users/tkhitkhuinha/Desktop/WorkSpace/G10_TAF/G10_Project/daiProj/target/surefire 2024-09-19T21-48-14_139-jvmRun1 surefire-20240919214814278_1tmp surefire_0-20240919214814278_2tmp"/>
    <property name="jdk.debug" value="release"/>
    <property name="surefire.test.class.path" value="/Users/tkhitkhuinha/Desktop/WorkSpace/G10_TAF/G10_Project/daiProj/target/test-classes:/Users/tkhitkhuinha/Desktop/WorkSpace/G10_TAF/G10_Project/daiProj/target/classes:/Users/tkhitkhuinha/.m2/repository/junit/junit/4.12/junit-4.12.jar:/Users/tkhitkhuinha/.m2/repository/org/hamcrest/hamcrest-core/1.3/hamcrest-core-1.3.jar:/Users/tkhitkhuinha/.m2/repository/org/seleniumhq/selenium/selenium-java/4.8.3/selenium-java-4.8.3.jar:/Users/tkhitkhuinha/.m2/repository/org/seleniumhq/selenium/selenium-api/4.8.3/selenium-api-4.8.3.jar:/Users/tkhitkhuinha/.m2/repository/org/seleniumhq/selenium/selenium-chrome-driver/4.8.3/selenium-chrome-driver-4.8.3.jar:/Users/tkhitkhuinha/.m2/repository/com/google/auto/service/auto-service-annotations/1.0.1/auto-service-annotations-1.0.1.jar:/Users/tkhitkhuinha/.m2/repository/com/google/auto/service/auto-service/1.0.1/auto-service-1.0.1.jar:/Users/tkhitkhuinha/.m2/repository/com/google/auto/auto-common/1.2/auto-common-1.2.jar:/Users/tkhitkhuinha/.m2/repository/com/google/guava/guava/31.1-jre/guava-31.1-jre.jar:/Users/tkhitkhuinha/.m2/repository/com/google/guava/failureaccess/1.0.1/failureaccess-1.0.1.jar:/Users/tkhitkhuinha/.m2/repository/com/google/guava/listenablefuture/9999.0-empty-to-avoid-conflict-with-guava/listenablefuture-9999.0-empty-to-avoid-conflict-with-guava.jar:/Users/tkhitkhuinha/.m2/repository/com/google/code/findbugs/jsr305/3.0.2/jsr305-3.0.2.jar:/Users/tkhitkhuinha/.m2/repository/org/checkerframework/checker-qual/3.12.0/checker-qual-3.12.0.jar:/Users/tkhitkhuinha/.m2/repository/com/google/errorprone/error_prone_annotations/2.11.0/error_prone_annotations-2.11.0.jar:/Users/tkhitkhuinha/.m2/repository/com/google/j2objc/j2objc-annotations/1.3/j2objc-annotations-1.3.jar:/Users/tkhitkhuinha/.m2/repository/org/seleniumhq/selenium/selenium-chromium-driver/4.8.3/selenium-chromium-driver-4.8.3.jar:/Users/tkhitkhuinha/.m2/repository/org/seleniumhq/selenium/selenium-json/4.8.3/selenium-json-4.8.3.jar:/Users/tkhitkhuinha/.m2/repository/org/seleniumhq/selenium/selenium-manager/4.8.3/selenium-manager-4.8.3.jar:/Users/tkhitkhuinha/.m2/repository/org/seleniumhq/selenium/selenium-devtools-v109/4.8.3/selenium-devtools-v109-4.8.3.jar:/Users/tkhitkhuinha/.m2/repository/org/seleniumhq/selenium/selenium-devtools-v110/4.8.3/selenium-devtools-v110-4.8.3.jar:/Users/tkhitkhuinha/.m2/repository/org/seleniumhq/selenium/selenium-devtools-v111/4.8.3/selenium-devtools-v111-4.8.3.jar:/Users/tkhitkhuinha/.m2/repository/org/seleniumhq/selenium/selenium-devtools-v85/4.8.3/selenium-devtools-v85-4.8.3.jar:/Users/tkhitkhuinha/.m2/repository/org/seleniumhq/selenium/selenium-edge-driver/4.8.3/selenium-edge-driver-4.8.3.jar:/Users/tkhitkhuinha/.m2/repository/org/seleniumhq/selenium/selenium-firefox-driver/4.8.3/selenium-firefox-driver-4.8.3.jar:/Users/tkhitkhuinha/.m2/repository/org/seleniumhq/selenium/selenium-http/4.8.3/selenium-http-4.8.3.jar:/Users/tkhitkhuinha/.m2/repository/dev/failsafe/failsafe/3.3.1/failsafe-3.3.1.jar:/Users/tkhitkhuinha/.m2/repository/org/seleniumhq/selenium/selenium-ie-driver/4.8.3/selenium-ie-driver-4.8.3.jar:/Users/tkhitkhuinha/.m2/repository/org/seleniumhq/selenium/selenium-remote-driver/4.8.3/selenium-remote-driver-4.8.3.jar:/Users/tkhitkhuinha/.m2/repository/com/beust/jcommander/1.82/jcommander-1.82.jar:/Users/tkhitkhuinha/.m2/repository/io/netty/netty-buffer/4.1.90.Final/netty-buffer-4.1.90.Final.jar:/Users/tkhitkhuinha/.m2/repository/io/netty/netty-codec-http/4.1.90.Final/netty-codec-http-4.1.90.Final.jar:/Users/tkhitkhuinha/.m2/repository/io/netty/netty-codec/4.1.90.Final/netty-codec-4.1.90.Final.jar:/Users/tkhitkhuinha/.m2/repository/io/netty/netty-handler/4.1.90.Final/netty-handler-4.1.90.Final.jar:/Users/tkhitkhuinha/.m2/repository/io/netty/netty-common/4.1.90.Final/netty-common-4.1.90.Final.jar:/Users/tkhitkhuinha/.m2/repository/io/netty/netty-transport-classes-epoll/4.1.90.Final/netty-transport-classes-epoll-4.1.90.Final.jar:/Users/tkhitkhuinha/.m2/repository/io/netty/netty-transport-classes-kqueue/4.1.90.Final/netty-transport-classes-kqueue-4.1.90.Final.jar:/Users/tkhitkhuinha/.m2/repository/io/netty/netty-transport-native-epoll/4.1.90.Final/netty-transport-native-epoll-4.1.90.Final.jar:/Users/tkhitkhuinha/.m2/repository/io/netty/netty-transport-native-kqueue/4.1.90.Final/netty-transport-native-kqueue-4.1.90.Final.jar:/Users/tkhitkhuinha/.m2/repository/io/netty/netty-transport-native-unix-common/4.1.90.Final/netty-transport-native-unix-common-4.1.90.Final.jar:/Users/tkhitkhuinha/.m2/repository/io/netty/netty-transport/4.1.90.Final/netty-transport-4.1.90.Final.jar:/Users/tkhitkhuinha/.m2/repository/io/netty/netty-resolver/4.1.90.Final/netty-resolver-4.1.90.Final.jar:/Users/tkhitkhuinha/.m2/repository/io/opentelemetry/opentelemetry-api/1.24.0/opentelemetry-api-1.24.0.jar:/Users/tkhitkhuinha/.m2/repository/io/opentelemetry/opentelemetry-context/1.24.0/opentelemetry-context-1.24.0.jar:/Users/tkhitkhuinha/.m2/repository/io/opentelemetry/opentelemetry-exporter-logging/1.24.0/opentelemetry-exporter-logging-1.24.0.jar:/Users/tkhitkhuinha/.m2/repository/io/opentelemetry/opentelemetry-sdk-metrics/1.24.0/opentelemetry-sdk-metrics-1.24.0.jar:/Users/tkhitkhuinha/.m2/repository/io/opentelemetry/opentelemetry-sdk-logs/1.24.0-alpha/opentelemetry-sdk-logs-1.24.0-alpha.jar:/Users/tkhitkhuinha/.m2/repository/io/opentelemetry/opentelemetry-api-logs/1.24.0-alpha/opentelemetry-api-logs-1.24.0-alpha.jar:/Users/tkhitkhuinha/.m2/repository/io/opentelemetry/opentelemetry-api-events/1.24.0-alpha/opentelemetry-api-events-1.24.0-alpha.jar:/Users/tkhitkhuinha/.m2/repository/io/opentelemetry/opentelemetry-sdk-common/1.24.0/opentelemetry-sdk-common-1.24.0.jar:/Users/tkhitkhuinha/.m2/repository/io/opentelemetry/opentelemetry-sdk-extension-autoconfigure-spi/1.24.0/opentelemetry-sdk-extension-autoconfigure-spi-1.24.0.jar:/Users/tkhitkhuinha/.m2/repository/io/opentelemetry/opentelemetry-sdk-extension-autoconfigure/1.24.0-alpha/opentelemetry-sdk-extension-autoconfigure-1.24.0-alpha.jar:/Users/tkhitkhuinha/.m2/repository/io/opentelemetry/opentelemetry-sdk-trace/1.24.0/opentelemetry-sdk-trace-1.24.0.jar:/Users/tkhitkhuinha/.m2/repository/io/opentelemetry/opentelemetry-sdk/1.24.0/opentelemetry-sdk-1.24.0.jar:/Users/tkhitkhuinha/.m2/repository/io/opentelemetry/opentelemetry-semconv/1.24.0-alpha/opentelemetry-semconv-1.24.0-alpha.jar:/Users/tkhitkhuinha/.m2/repository/io/ous/jtoml/2.0.0/jtoml-2.0.0.jar:/Users/tkhitkhuinha/.m2/repository/org/apache/commons/commons-exec/1.3/commons-exec-1.3.jar:/Users/tkhitkhuinha/.m2/repository/org/asynchttpclient/async-http-client/2.12.3/async-http-client-2.12.3.jar:/Users/tkhitkhuinha/.m2/repository/org/asynchttpclient/async-http-client-netty-utils/2.12.3/async-http-client-netty-utils-2.12.3.jar:/Users/tkhitkhuinha/.m2/repository/io/netty/netty-codec-socks/4.1.60.Final/netty-codec-socks-4.1.60.Final.jar:/Users/tkhitkhuinha/.m2/repository/io/netty/netty-handler-proxy/4.1.60.Final/netty-handler-proxy-4.1.60.Final.jar:/Users/tkhitkhuinha/.m2/repository/io/netty/netty-transport-native-epoll/4.1.60.Final/netty-transport-native-epoll-4.1.60.Final-linux-x86_64.jar:/Users/tkhitkhuinha/.m2/repository/io/netty/netty-transport-native-kqueue/4.1.60.Final/netty-transport-native-kqueue-4.1.60.Final-osx-x86_64.jar:/Users/tkhitkhuinha/.m2/repository/org/reactivestreams/reactive-streams/1.0.3/reactive-streams-1.0.3.jar:/Users/tkhitkhuinha/.m2/repository/com/typesafe/netty/netty-reactive-streams/2.0.4/netty-reactive-streams-2.0.4.jar:/Users/tkhitkhuinha/.m2/repository/com/sun/activation/jakarta.activation/1.2.2/jakarta.activation-1.2.2.jar:/Users/tkhitkhuinha/.m2/repository/org/seleniumhq/selenium/selenium-safari-driver/4.8.3/selenium-safari-driver-4.8.3.jar:/Users/tkhitkhuinha/.m2/repository/org/seleniumhq/selenium/selenium-support/4.8.3/selenium-support-4.8.3.jar:/Users/tkhitkhuinha/.m2/repository/io/github/bonigarcia/webdrivermanager/5.7.0/webdrivermanager-5.7.0.jar:/Users/tkhitkhuinha/.m2/repository/org/slf4j/slf4j-api/2.0.12/slf4j-api-2.0.12.jar:/Users/tkhitkhuinha/.m2/repository/com/google/code/gson/gson/2.10.1/gson-2.10.1.jar:/Users/tkhitkhuinha/.m2/repository/com/github/docker-java/docker-java/3.3.5/docker-java-3.3.5.jar:/Users/tkhitkhuinha/.m2/repository/com/github/docker-java/docker-java-core/3.3.5/docker-java-core-3.3.5.jar:/Users/tkhitkhuinha/.m2/repository/com/github/docker-java/docker-java-api/3.3.5/docker-java-api-3.3.5.jar:/Users/tkhitkhuinha/.m2/repository/com/fasterxml/jackson/core/jackson-annotations/2.10.3/jackson-annotations-2.10.3.jar:/Users/tkhitkhuinha/.m2/repository/com/fasterxml/jackson/core/jackson-databind/2.10.3/jackson-databind-2.10.3.jar:/Users/tkhitkhuinha/.m2/repository/com/fasterxml/jackson/core/jackson-core/2.10.3/jackson-core-2.10.3.jar:/Users/tkhitkhuinha/.m2/repository/org/bouncycastle/bcpkix-jdk18on/1.76/bcpkix-jdk18on-1.76.jar:/Users/tkhitkhuinha/.m2/repository/org/bouncycastle/bcprov-jdk18on/1.76/bcprov-jdk18on-1.76.jar:/Users/tkhitkhuinha/.m2/repository/org/bouncycastle/bcutil-jdk18on/1.76/bcutil-jdk18on-1.76.jar:/Users/tkhitkhuinha/.m2/repository/org/slf4j/jcl-over-slf4j/1.7.30/jcl-over-slf4j-1.7.30.jar:/Users/tkhitkhuinha/.m2/repository/com/github/docker-java/docker-java-transport-httpclient5/3.3.5/docker-java-transport-httpclient5-3.3.5.jar:/Users/tkhitkhuinha/.m2/repository/com/github/docker-java/docker-java-transport/3.3.5/docker-java-transport-3.3.5.jar:/Users/tkhitkhuinha/.m2/repository/net/java/dev/jna/jna/5.13.0/jna-5.13.0.jar:/Users/tkhitkhuinha/.m2/repository/org/brotli/dec/0.1.2/dec-0.1.2.jar:/Users/tkhitkhuinha/.m2/repository/org/apache/commons/commons-lang3/3.14.0/commons-lang3-3.14.0.jar:/Users/tkhitkhuinha/.m2/repository/org/apache/commons/commons-compress/1.26.0/commons-compress-1.26.0.jar:/Users/tkhitkhuinha/.m2/repository/commons-io/commons-io/2.15.1/commons-io-2.15.1.jar:/Users/tkhitkhuinha/.m2/repository/org/apache/httpcomponents/client5/httpclient5/5.2.1/httpclient5-5.2.1.jar:/Users/tkhitkhuinha/.m2/repository/org/apache/httpcomponents/core5/httpcore5/5.2/httpcore5-5.2.jar:/Users/tkhitkhuinha/.m2/repository/org/apache/httpcomponents/core5/httpcore5-h2/5.2/httpcore5-h2-5.2.jar:/Users/tkhitkhuinha/.m2/repository/log4j/log4j/1.2.17/log4j-1.2.17.jar:/Users/tkhitkhuinha/.m2/repository/org/assertj/assertj-core/3.24.2/assertj-core-3.24.2.jar:/Users/tkhitkhuinha/.m2/repository/net/bytebuddy/byte-buddy/1.12.21/byte-buddy-1.12.21.jar:/Users/tkhitkhuinha/.m2/repository/pl/pragmatists/JUnitParams/1.0.5/JUnitParams-1.0.5.jar:/Users/tkhitkhuinha/.m2/repository/org/aeonbits/owner/owner/1.0.12/owner-1.0.12.jar:/Users/tkhitkhuinha/.m2/repository/org/apache/poi/poi/3.14/poi-3.14.jar:/Users/tkhitkhuinha/.m2/repository/commons-codec/commons-codec/1.10/commons-codec-1.10.jar:/Users/tkhitkhuinha/.m2/repository/mysql/mysql-connector-java/8.0.30/mysql-connector-java-8.0.30.jar:/Users/tkhitkhuinha/.m2/repository/com/google/protobuf/protobuf-java/3.19.4/protobuf-java-3.19.4.jar:/Users/tkhitkhuinha/.m2/repository/io/qameta/allure/allure-junit4/2.25.0/allure-junit4-2.25.0.jar:/Users/tkhitkhuinha/.m2/repository/io/qameta/allure/allure-java-commons/2.25.0/allure-java-commons-2.25.0.jar:/Users/tkhitkhuinha/.m2/repository/io/qameta/allure/allure-model/2.25.0/allure-model-2.25.0.jar:/Users/tkhitkhuinha/.m2/repository/io/qameta/allure/allure-test-filter/2.25.0/allure-test-filter-2.25.0.jar:/Users/tkhitkhuinha/.m2/repository/com/github/javafaker/javafaker/1.0.2/javafaker-1.0.2.jar:/Users/tkhitkhuinha/.m2/repository/org/yaml/snakeyaml/1.23/snakeyaml-1.23-android.jar:/Users/tkhitkhuinha/.m2/repository/com/github/mifmif/generex/1.0.2/generex-1.0.2.jar:/Users/tkhitkhuinha/.m2/repository/dk/brics/automaton/automaton/1.11-8/automaton-1.11-8.jar:"/>
    <property name="test" value="RegistrationSuite"/>
    <property name="allure.results.directory" value="/Users/tkhitkhuinha/Desktop/WorkSpace/G10_TAF/G10_Project/daiProj/target/allure-results"/>
    <property name="sun.cpu.endian" value="little"/>
    <property name="user.home" value="/Users/tkhitkhuinha"/>
    <property name="user.language" value="en"/>
    <property name="profile" value="regularTests"/>
    <property name="java.specification.vendor" value="Oracle Corporation"/>
    <property name="java.version.date" value="2024-04-16"/>
    <property name="java.home" value="/Users/tkhitkhuinha/Library/Java/JavaVirtualMachines/azul-17.0.11/Contents/Home"/>
    <property name="file.separator" value="/"/>
    <property name="basedir" value="/Users/tkhitkhuinha/Desktop/WorkSpace/G10_TAF/G10_Project/daiProj"/>
    <property name="java.vm.compressedOopsMode" value="Zero based"/>
    <property name="line.separator" value="&#10;"/>
    <property name="java.vm.specification.vendor" value="Oracle Corporation"/>
    <property name="java.specification.name" value="Java Platform API Specification"/>
    <property name="surefire.real.class.path" value="/Users/tkhitkhuinha/Desktop/WorkSpace/G10_TAF/G10_Project/daiProj/target/surefire/surefirebooter-20240919214814278_3.jar"/>
    <property name="sun.management.compiler" value="HotSpot 64-Bit Tiered Compilers"/>
    <property name="java.runtime.version" value="17.0.11+9-LTS"/>
    <property name="user.name" value="tkhitkhuinha"/>
    <property name="path.separator" value=":"/>
    <property name="os.version" value="14.6.1"/>
    <property name="java.runtime.name" value="OpenJDK Runtime Environment"/>
    <property name="file.encoding" value="UTF-8"/>
    <property name="java.vm.name" value="OpenJDK 64-Bit Server VM"/>
    <property name="java.vendor.version" value="Zulu17.50+19-CA"/>
    <property name="localRepository" value="/Users/tkhitkhuinha/.m2/repository"/>
    <property name="java.vendor.url.bug" value="http://www.azul.com/support/"/>
    <property name="java.io.tmpdir" value="/var/folders/gq/zcg22tdn4z79kmrf75krn24m0000gp/T/"/>
    <property name="idea.version" value="2024.1.6"/>
    <property name="java.version" value="17.0.11"/>
    <property name="user.dir" value="/Users/tkhitkhuinha/Desktop/WorkSpace/G10_TAF/G10_Project/daiProj"/>
    <property name="os.arch" value="x86_64"/>
    <property name="java.vm.specification.name" value="Java Virtual Machine Specification"/>
    <property name="native.encoding" value="UTF-8"/>
    <property name="java.library.path" value="/Users/tkhitkhuinha/Library/Java/Extensions:/Library/Java/Extensions:/Network/Library/Java/Extensions:/System/Library/Java/Extensions:/usr/lib/java:."/>
    <property name="java.vm.info" value="mixed mode, sharing"/>
    <property name="java.vendor" value="Azul Systems, Inc."/>
    <property name="java.vm.version" value="17.0.11+9-LTS"/>
    <property name="sun.io.unicode.encoding" value="UnicodeBig"/>
    <property name="java.class.version" value="61.0"/>
    <property name="maven.test.failure.ignore" value="true"/>
  </properties>
  <testcase name="[0] Login - valid, Email - NOT valid, Password - NOT valid, UserForRegistration{userName=&apos;TC023daGoodwin20240919214816&apos;, email=&apos;tr&apos;, password=&apos;tr&apos;}, You must provide a valid email address.;Password must be at least 12 characters. (TC023_validationMessagesTest)" classname="registrationTest.ValidationMessagesTest" time="28.193"/>
  <testcase name="[1] Login - valid, Email - valid, password - NOT valid, UserForRegistration{userName=&apos;TC023daBednar20240919214816&apos;, email=&apos;TC023daBednar20240919214816@gml.rr&apos;, password=&apos;tr&apos;}, Password must be at least 12 characters. (TC023_validationMessagesTest)" classname="registrationTest.ValidationMessagesTest" time="19.239"/>
  <testcase name="[2] Login -  NOT valid, Email -  NOT valid, password -  NOT valid, UserForRegistration{userName=&apos;tt&apos;, email=&apos;tr&apos;, password=&apos;tr&apos;}, Username must be at least 3 characters.;You must provide a valid email address.;Password must be at least 12 characters. (TC023_validationMessagesTest)" classname="registrationTest.ValidationMessagesTest" time="17.983"/>
  <testcase name="[3] Login -  NOT valid, Email -  NOT valid, password -  NOT valid, UserForRegistration{userName=&apos;tttttttttttttttttttttttttttttt1&apos;, email=&apos;tr&apos;, password=&apos;tr&apos;}, Username cannot exceed 30 characters.;You must provide a valid email address.;Password must be at least 12 characters. (TC023_validationMessagesTest)" classname="registrationTest.ValidationMessagesTest" time="16.78"/>
  <testcase name="[4] Login - valid, Email -  NOT valid, password - valid, UserForRegistration{userName=&apos;tttttttttttttttttttttttttttttt&apos;, email=&apos;tr&apos;, password=&apos;tttttt111111&apos;}, You must provide a valid email address. (TC023_validationMessagesTest)" classname="registrationTest.ValidationMessagesTest" time="16.017"/>
  <testcase name="[5] Login -  NOT valid, Email -  NOT valid, password - valid, UserForRegistration{userName=&apos;tttttttttttttttttttttttttttttt1&apos;, email=&apos;tr&apos;, password=&apos;ttttttttttttttttttttttttt1111111111111111111111111&apos;}, Username cannot exceed 30 characters.;You must provide a valid email address. (TC023_validationMessagesTest)" classname="registrationTest.ValidationMessagesTest" time="16.343"/>
  <testcase name="[6] Login -  NOT valid, Email -  NOT valid, password -  NOT valid, UserForRegistration{userName=&apos;tttttttttttttttttttttttttttttt1&apos;, email=&apos;tr&apos;, password=&apos;ttttttttttttttttttttttttt111111111111111111111111122&apos;}, Username cannot exceed 30 characters.;You must provide a valid email address.;Password cannot exceed 50 characters. (TC023_validationMessagesTest)" classname="registrationTest.ValidationMessagesTest" time="16.215"/>
</testsuite>